= Host-specific information ====================================================
$> hostname; uname -msr
e1r5p18.42.fr
Darwin 15.6.0 x86_64
$> date
Tue Jan 24 15:35:54 CET 2017
$> gcc --version
Configured with: --prefix=/Applications/Xcode.app/Contents/Developer/usr --with-gxx-include-dir=/usr/include/c++/4.2.1
Apple LLVM version 8.0.0 (clang-800.0.42.1)
Target: x86_64-apple-darwin15.6.0
Thread model: posix
InstalledDir: /Applications/Xcode.app/Contents/Developer/Toolchains/XcodeDefault.xctoolchain/usr/bin
$> clang --version
Apple LLVM version 8.0.0 (clang-800.0.42.1)
Target: x86_64-apple-darwin15.6.0
Thread model: posix
InstalledDir: /Applications/Xcode.app/Contents/Developer/Toolchains/XcodeDefault.xctoolchain/usr/bin

= User files collection ========================================================
Collecting user files from Vogsphere
Repository URL: auto-exam/2017/c-exam-beginner/practice-exam_20170124/stmartin

= Git history ==================================================================
$> git -C /var/folders/bv/_99wxt6d6ll2hvcpd76chdf40000gq/T/tmptOU8IO/user log --pretty='%H - %an, %ad : %s'
e93c596b67c5b9ba856714599a049c5c9c54d14f - Stephane MARTINS, Tue Jan 24 15:35:29 2017 +0100 : add swap_bits
 
= Collected files ==========================================
$> ls -lAR /var/folders/bv/_99wxt6d6ll2hvcpd76chdf40000gq/T/tmptOU8IO/user
total 8
-rw-r--r--  1 deepthought  deepthought  222 Jan 24 15:35 __GIT_HISTORY
drwxr-xr-x  3 deepthought  deepthought  102 Jan 24 15:35 swap_bits

/var/folders/bv/_99wxt6d6ll2hvcpd76chdf40000gq/T/tmptOU8IO/user/swap_bits:
total 8
-rw-r--r--  1 deepthought  deepthought  84 Jan 24 15:35 swap_bits.c
 
= swap_bits ====================================================================
$> clang -Wextra -Wall -Werror main.c swap_bits.c -o user_exe 

= Test 1 ===================================================
$> ./o9flvt3ah43daz0muz9izl5q
$> diff -U 3 user_output_test1 test1.output | cat -e

Diff OK :D
Grade: 1

= Final grade: 1 ===============================================================
