= Host-specific information ====================================================
$> hostname; uname -msr
e1r5p14.42.fr
Darwin 15.6.0 x86_64
$> date
Tue Jan 24 17:09:13 CET 2017
$> gcc --version
Configured with: --prefix=/Applications/Xcode.app/Contents/Developer/usr --with-gxx-include-dir=/usr/include/c++/4.2.1
Apple LLVM version 8.0.0 (clang-800.0.42.1)
Target: x86_64-apple-darwin15.6.0
Thread model: posix
InstalledDir: /Applications/Xcode.app/Contents/Developer/Toolchains/XcodeDefault.xctoolchain/usr/bin
$> clang --version
Apple LLVM version 8.0.0 (clang-800.0.42.1)
Target: x86_64-apple-darwin15.6.0
Thread model: posix
InstalledDir: /Applications/Xcode.app/Contents/Developer/Toolchains/XcodeDefault.xctoolchain/usr/bin

= User files collection ========================================================
Collecting user files from Vogsphere
Repository URL: auto-exam/2017/c-exam-beginner/practice-exam_20170124/stmartin

= Git history ==================================================================
$> git -C /var/folders/mc/bdygh1xs5jngsx8dxscpr81r0000gq/T/tmpFKWYl2/user log --pretty='%H - %an, %ad : %s'
dbe1d2a1605d3dd03da3ac86489ab1cf3d3e732c - Stephane MARTINS, Tue Jan 24 17:08:52 2017 +0100 : add ft_rrange
69699e1b2bed949c2bcb35e4b158b62b4813655f - Stephane MARTINS, Tue Jan 24 16:38:33 2017 +0100 : delete bin
89909e01b6ae56bb3c69e4f185cea9f0d0b09d2d - Stephane MARTINS, Tue Jan 24 16:37:56 2017 +0100 : add str_cap
e93c596b67c5b9ba856714599a049c5c9c54d14f - Stephane MARTINS, Tue Jan 24 15:35:29 2017 +0100 : add swap_bits
 
= Collected files ==========================================
$> ls -lAR /var/folders/mc/bdygh1xs5jngsx8dxscpr81r0000gq/T/tmpFKWYl2/user
total 8
-rw-r--r--  1 deepthought  deepthought  1039 Jan 24 17:09 __GIT_HISTORY
drwxr-xr-x  3 deepthought  deepthought   102 Jan 24 17:09 ft_rrange
drwxr-xr-x  3 deepthought  deepthought   102 Jan 24 17:09 str_capitalizer
drwxr-xr-x  3 deepthought  deepthought   102 Jan 24 17:09 swap_bits

/var/folders/mc/bdygh1xs5jngsx8dxscpr81r0000gq/T/tmpFKWYl2/user/ft_rrange:
total 8
-rw-r--r--  1 deepthought  deepthought  284 Jan 24 17:09 ft_rrange.c

/var/folders/mc/bdygh1xs5jngsx8dxscpr81r0000gq/T/tmpFKWYl2/user/str_capitalizer:
total 8
-rw-r--r--  1 deepthought  deepthought  999 Jan 24 17:09 str_capitalizer.c

/var/folders/mc/bdygh1xs5jngsx8dxscpr81r0000gq/T/tmpFKWYl2/user/swap_bits:
total 8
-rw-r--r--  1 deepthought  deepthought  84 Jan 24 17:09 swap_bits.c
 
= ft_rrange ====================================================================
$> clang -Wextra -Wall -Werror main.c ft_rrange.c -o user_exe 

= Test 1 ===================================================
$> ./hi3s1qeo8b6wy30qv4wicavd 
$> diff -U 3 user_output_test1 test1.output | cat -e

Diff OK :D
= Test 2 ===================================================
$> ./v6ls0t57zptu9vlmfzvk6nrc "21" "2313" "12"
$> diff -U 3 user_output_test2 test2.output | cat -e

Diff OK :D
= Test 3 ===================================================
$> ./pcgeudl7dymqeb5ce4l6krfm "2147483647" "2147483640" "7"
$> diff -U 3 user_output_test3 test3.output | cat -e

Diff OK :D
= Test 4 ===================================================
$> ./127ma0iij4vww0gs3vtbc6zt "-2147483648" "-2147483600" "48"
$> diff -U 3 user_output_test4 test4.output | cat -e

Diff OK :D
= Test 5 ===================================================
$> ./e2sndeaiyfnihvr68nbszxzl "0" "0" "1"
$> diff -U 3 user_output_test5 test5.output | cat -e

Diff OK :D
= Test 6 ===================================================
$> ./8fu8jyoxvollh2vb4psm2o45 "839096705" "839096663" "43"
$> diff -U 3 user_output_test6 test6.output | cat -e

Diff OK :D
= Test 7 ===================================================
$> ./vrll4xkiytg8jzsv44k8vk5i "594207671" "594207660" "12"
$> diff -U 3 user_output_test7 test7.output | cat -e

Diff OK :D
= Test 8 ===================================================
$> ./a35686zgq097talkt3m69nag "785564116" "785564138" "23"
$> diff -U 3 user_output_test8 test8.output | cat -e

Diff OK :D
= Test 9 ===================================================
$> ./kj0nkzho5jrvlkf8kbqz65nv "-2837916" "-2837916" "1"
$> diff -U 3 user_output_test9 test9.output | cat -e

Diff OK :D
= Test 10 ==================================================
$> ./wrel0i2vne2rcclcvrt3y3s9 "863265736" "863265775" "40"
$> diff -U 3 user_output_test10 test10.output | cat -e

Diff OK :D
= Test 11 ==================================================
$> ./dlnrt938spbq8lqr0gm64ob0 "1150233003" "1150233040" "38"
$> diff -U 3 user_output_test11 test11.output | cat -e

Diff OK :D
= Test 12 ==================================================
$> ./sngm4j1wpyhi368p57qu8mwd "446761196" "446761234" "39"
$> diff -U 3 user_output_test12 test12.output | cat -e

Diff OK :D
= Test 13 ==================================================
$> ./5qucn2douj9yph2l524j6mlm "837967053" "837967090" "38"
$> diff -U 3 user_output_test13 test13.output | cat -e

Diff OK :D
= Test 14 ==================================================
$> ./vkadmy1qrfhid1lopkp6fxs6 "83017742" "83017711" "32"
$> diff -U 3 user_output_test14 test14.output | cat -e

Diff OK :D
= Test 15 ==================================================
$> ./iol4u6xnakzj0jd2bc0y39lz "1751943763" "1751943767" "5"
$> diff -U 3 user_output_test15 test15.output | cat -e

Diff OK :D
= Test 16 ==================================================
$> ./wtatpdw16vnrn462def16kvj "736890635" "736890628" "8"
$> diff -U 3 user_output_test16 test16.output | cat -e

Diff OK :D
= Test 17 ==================================================
$> ./uovdn8rcpmxsj3cuif521cjd "896131102" "896131072" "31"
$> diff -U 3 user_output_test17 test17.output | cat -e

Diff OK :D
= Test 18 ==================================================
$> ./1yngw4wq2jpalxgooe0u55k3 "489640205" "489640217" "13"
$> diff -U 3 user_output_test18 test18.output | cat -e

Diff OK :D
= Test 19 ==================================================
$> ./006k3bv25vop3lgzobq4m4h5 "1290431366" "1290431333" "34"
$> diff -U 3 user_output_test19 test19.output | cat -e

Diff OK :D
= Test 20 ==================================================
$> ./57zbbw73xtwnm86qkw6pn5hh "21416205" "21416248" "44"
$> diff -U 3 user_output_test20 test20.output | cat -e

Diff OK :D
Grade: 1

= Final grade: 1 ===============================================================
